<?xml version="1.0" encoding="UTF-8"?>
<!-- Generated by org.testng.reporters.JUnitReportReporter -->
<testsuite hostname="LAPTOP-7VJFG43V" failures="0" tests="11" name="final_Exam.FinalExam_Chetan" time="39.296" errors="0" timestamp="2022-03-31T14:56:18 GMT-04:00" skipped="0">
  <testcase classname="final_Exam.FinalExam_Chetan" name="LoginWithWrongusername" time="2.746"/>
  <system-out/>
  <testcase classname="final_Exam.FinalExam_Chetan" name="LoginWithRightUsername" time="2.566"/>
  <system-out/>
  <testcase classname="final_Exam.FinalExam_Chetan" name="sorting" time="3.231"/>
  <system-out/>
  <testcase classname="final_Exam.FinalExam_Chetan" name="inventory" time="7.839"/>
  <system-out/>
  <testcase classname="final_Exam.FinalExam_Chetan" name="cart" time="1.198"/>
  <system-out/>
  <testcase classname="final_Exam.FinalExam_Chetan" name="removefromcart" time="6.263"/>
  <system-out/>
  <testcase classname="final_Exam.FinalExam_Chetan" name="goingback" time="4.402"/>
  <system-out/>
  <testcase classname="final_Exam.FinalExam_Chetan" name="checkout" time="2.177"/>
  <system-out/>
  <testcase classname="final_Exam.FinalExam_Chetan" name="checkout1" time="2.184"/>
  <system-out/>
  <testcase classname="final_Exam.FinalExam_Chetan" name="personaldetails" time="4.833"/>
  <system-out/>
  <testcase classname="final_Exam.FinalExam_Chetan" name="finalcheckout" time="1.857"/>
  <system-out/>
</testsuite> <!-- final_Exam.FinalExam_Chetan -->
